
TF78A5640 000:000 SEGGER J-Link V4.22 Log File (0000ms, 0000ms total)
TF78A5640 000:000 DLL Compiled: Dec 17 2010 17:41:06 (0000ms, 0000ms total)
TF78A5640 000:000 Logging started @ 2018-01-06 21:54 (0000ms, 0000ms total)
TF78A5640 000:000 JLINK_SetWarnOutHandler(...) (0000ms, 0000ms total)
TF78A5640 000:000 JLINK_OpenEx(...)
Firmware: J-Link ARM V8 compiled Nov 28 2014 13:44:46
Hardware: V8.00
S/N: 20100214
Feature(s): RDI,FlashDL,FlashBP,JFlash,GDBFull  returns O.K. (0009ms, 0000ms total)
TF78A5640 000:009 JLINK_ExecCommand("projectfile = Default.ini", ...)  returns 0x00 (0002ms, 0009ms total)
TF78A5640 000:011 JLINK_SetErrorOutHandler(...) (0000ms, 0011ms total)
TF78A5640 000:011 JLINK_EnableLog(...) (0000ms, 0011ms total)
TF78A5640 000:011 JLINK_SetInitRegsOnReset(OFF)  returns 0x01 (0000ms, 0011ms total)
TF78A5640 000:011 JLINK_GetDLLVersion()  returns 42200 (0000ms, 0011ms total)
TF78A5640 000:011 JLINK_GetCompileDateTime() (0000ms, 0011ms total)
TF78A5640 000:011 JLINK_GetFirmwareString(...) (0000ms, 0011ms total)
TF78A5640 000:011 JLINK_GetHardwareVersion()  returns 0x13880 (0000ms, 0011ms total)
TF78A5640 000:012 JLINK_GetFirmwareString(...) (0000ms, 0012ms total)
TF78A5640 000:012 JLINK_GetEmuCaps()  returns 0xB9FF7BBF (0000ms, 0012ms total)
TF78A5640 000:012 JLINK_GetHWStatus(...)  returns 0x00 (0000ms, 0012ms total)
TF78A5640 000:012 JLINK_SetSpeed(100) (0000ms, 0012ms total)
TF78A5640 000:012 JLINK_GetIdData(...) >0x2F8 JTAG>TotalIRLen = 4, IRPrint = 0x01 >0x30 JTAG> >0x210 JTAG> >0x58 JTAG> >0x58 JTAG> >0x18 JTAG> >0x88 JTAG> >0x30 JTAG> >0x48 JTAG> >0x1A0 JTAG> >0x48 JTAG> >0x910 JTAG> >0x70 JTAG> >0x80 JTAG>CP15.0.0: 0x41129200: ARM, Architecure 4T >0x70 JTAG>CP15.0.1: 0x0D172172: ICache: 16kB (64*8*32), DCache: 16kB (64*8*32)Cache type: Separate, Write-back, Format A >0x3F0 JTAG> >0x10 JTAG> ScanLen=4 NumDevices=1 aId[0]=0x0032409D aIrRead[0]=0 aScanLen[0]=5
 aScanRead[0]=0 (0075ms, 0012ms total)
TF78A5640 000:087 JLINK_JTAG_GetDeviceID(DeviceIndex = 0)  returns 0x32409D (0001ms, 0087ms total)
TF78A5640 000:088 JLINK_JTAG_GetDeviceInfo(DeviceIndex = 0)  returns 0x01 (0000ms, 0088ms total)
TF78A5640 000:088 JLINK_GetDeviceFamily()  returns 9 (0000ms, 0088ms total)
TF78A5640 000:088 JLINK_GetDeviceFamily()  returns 9 (0000ms, 0088ms total)
TF78A5640 000:088 JLINK_GetDeviceFamily()  returns 9 (0000ms, 0088ms total)
TF78A5640 000:088 JLINK_GetDeviceFamily()  returns 9 (0000ms, 0088ms total)
TF78A5640 000:088 JLINK_GetDeviceFamily()  returns 9 (0000ms, 0088ms total)
TF78A5640 000:088 JLINK_GetDeviceFamily()  returns 9 (0000ms, 0088ms total)
TF78A5640 000:088 JLINK_GetDeviceFamily()  returns 9 (0000ms, 0088ms total)
TF78A5640 000:088 JLINK_GetDeviceFamily()  returns 9 (0001ms, 0088ms total)
TF78A5640 000:089 JLINK_GetDeviceFamily()  returns 9 (0000ms, 0089ms total)
TF78A5640 000:089 JLINK_GetDeviceFamily()  returns 9 (0000ms, 0089ms total)
TF78A5640 000:089 JLINK_GetDeviceFamily()  returns 9 (0000ms, 0089ms total)
TF78A5640 000:089 JLINK_ETM_IsPresent() >0x830 JTAG> >0x20 JTAG>  returns 0:FALSE (0023ms, 0089ms total)
TF78A5640 000:113 JLINK_SetSpeed(100) (0000ms, 0113ms total)
TF78A5640 000:113 JLINK_GetHWStatus(...)  returns 0x00 (0000ms, 0113ms total)
TF78A5640 000:113 JLINK_GetSpeedInfo() 48000000 Hz / n, n >= 4 (0000ms, 0113ms total)
TF78A5640 000:113 JLINK_MeasureRTCKReactTime() (0001ms, 0113ms total)
TF78A5640 000:114 JLINK_GetSpeed()  returns 0x64 (0000ms, 0114ms total)
TF78A5640 001:912 JLINK_Close() >0x08 JTAG> (0004ms, 0114ms total)
